g:\dev\ffmpeg\isdl\libyuv\debug\vc140.pdb
g:\dev\ffmpeg\isdl\libyuv\debug\vc140.idb
g:\dev\ffmpeg\isdl\libyuv\debug\rotate_neon.obj
g:\dev\ffmpeg\isdl\libyuv\debug\rotate_neon64.obj
g:\dev\ffmpeg\isdl\libyuv\debug\rotate_win.obj
g:\dev\ffmpeg\isdl\libyuv\debug\row_any.obj
g:\dev\ffmpeg\isdl\libyuv\debug\row_common.obj
g:\dev\ffmpeg\isdl\libyuv\debug\row_gcc.obj
g:\dev\ffmpeg\isdl\libyuv\debug\row_mips.obj
g:\dev\ffmpeg\isdl\libyuv\debug\row_neon.obj
g:\dev\ffmpeg\isdl\libyuv\debug\row_neon64.obj
g:\dev\ffmpeg\isdl\libyuv\debug\row_win.obj
g:\dev\ffmpeg\isdl\libyuv\debug\scale.obj
g:\dev\ffmpeg\isdl\libyuv\debug\scale_any.obj
g:\dev\ffmpeg\isdl\libyuv\debug\scale_argb.obj
g:\dev\ffmpeg\isdl\libyuv\debug\scale_common.obj
g:\dev\ffmpeg\isdl\libyuv\debug\scale_gcc.obj
g:\dev\ffmpeg\isdl\libyuv\debug\scale_mips.obj
g:\dev\ffmpeg\isdl\libyuv\debug\scale_neon.obj
g:\dev\ffmpeg\isdl\libyuv\debug\scale_neon64.obj
g:\dev\ffmpeg\isdl\libyuv\debug\scale_win.obj
g:\dev\ffmpeg\isdl\libyuv\debug\video_common.obj
g:\dev\ffmpeg\isdl\libyuv\debug\compare_neon.obj
g:\dev\ffmpeg\isdl\libyuv\debug\compare_neon64.obj
g:\dev\ffmpeg\isdl\libyuv\debug\compare_win.obj
g:\dev\ffmpeg\isdl\libyuv\debug\convert.obj
g:\dev\ffmpeg\isdl\libyuv\debug\convert_argb.obj
g:\dev\ffmpeg\isdl\libyuv\debug\convert_from.obj
g:\dev\ffmpeg\isdl\libyuv\debug\convert_from_argb.obj
g:\dev\ffmpeg\isdl\libyuv\debug\convert_jpeg.obj
g:\dev\ffmpeg\isdl\libyuv\debug\convert_to_argb.obj
g:\dev\ffmpeg\isdl\libyuv\debug\convert_to_i420.obj
g:\dev\ffmpeg\isdl\libyuv\debug\cpu_id.obj
g:\dev\ffmpeg\isdl\libyuv\debug\mjpeg_decoder.obj
g:\dev\ffmpeg\isdl\libyuv\debug\mjpeg_validate.obj
g:\dev\ffmpeg\isdl\libyuv\debug\planar_functions.obj
g:\dev\ffmpeg\isdl\libyuv\debug\rotate.obj
g:\dev\ffmpeg\isdl\libyuv\debug\rotate_any.obj
g:\dev\ffmpeg\isdl\libyuv\debug\rotate_argb.obj
g:\dev\ffmpeg\isdl\libyuv\debug\rotate_common.obj
g:\dev\ffmpeg\isdl\libyuv\debug\rotate_gcc.obj
g:\dev\ffmpeg\isdl\libyuv\debug\rotate_mips.obj
g:\dev\ffmpeg\isdl\libyuv\debug\compare.obj
g:\dev\ffmpeg\isdl\libyuv\debug\compare_common.obj
g:\dev\ffmpeg\isdl\libyuv\debug\compare_gcc.obj
g:\dev\ffmpeg\isdl\libyuv\debug\libyuv.lib
g:\dev\ffmpeg\isdl\libyuv\debug\libyuv.exp
g:\dev\ffmpeg\isdl\libyuv\debug\libyuv.ilk
g:\dev\ffmpeg\isdl\libyuv\debug\libyuv.dll
g:\dev\ffmpeg\isdl\libyuv\debug\libyuv.pdb
g:\dev\ffmpeg\isdl\libyuv\debug\libyuv.tlog\cl.command.1.tlog
g:\dev\ffmpeg\isdl\libyuv\debug\libyuv.tlog\cl.read.1.tlog
g:\dev\ffmpeg\isdl\libyuv\debug\libyuv.tlog\cl.write.1.tlog
g:\dev\ffmpeg\isdl\libyuv\debug\libyuv.tlog\libyuv.write.1u.tlog
g:\dev\ffmpeg\isdl\libyuv\debug\libyuv.tlog\link.command.1.tlog
g:\dev\ffmpeg\isdl\libyuv\debug\libyuv.tlog\link.read.1.tlog
g:\dev\ffmpeg\isdl\libyuv\debug\libyuv.tlog\link.write.1.tlog
